<?xml version="1.0" encoding="UTF-8"?>
<!-- Generated by org.testng.reporters.JUnitXMLReporter -->
<testsuite ignored="0" hostname="DESKTOP-HBRB43M" failures="0" tests="4" name="Default test" time="31.101" errors="0" timestamp="2023-08-03T17:17:38 IST">
  <testcase classname="mytestpackage.test.StandAlone" name="submitOrder" time="4.426"/>
  <testcase classname="mytestpackage.test.StandAlone" name="submitOrder" time="4.416"/>
  <testcase classname="mytestpackage.test.StandAlone" name="verifyProduct" time="0.534"/>
  <testcase classname="mytestpackage.test.StandAlone" name="verifyProduct" time="0.546"/>
</testsuite> <!-- Default test -->
