<?xml version="1.0" encoding="UTF-8"?>
<!-- Generated by org.testng.reporters.JUnitXMLReporter -->
<testsuite ignored="0" hostname="DESKTOP-HBRB43M" failures="0" tests="4" name="Default test" time="26.887" errors="0" timestamp="2023-08-04T14:53:41 IST">
  <testcase classname="mytestpackage.test.StandAlone" name="submitOrder" time="4.323"/>
  <testcase classname="mytestpackage.test.StandAlone" name="submitOrder" time="4.392"/>
  <testcase classname="mytestpackage.test.StandAlone" name="verifyProduct" time="0.477"/>
  <testcase classname="mytestpackage.test.StandAlone" name="verifyProduct" time="0.476"/>
</testsuite> <!-- Default test -->
