<?xml version="1.0" encoding="UTF-8"?>
<testng-results ignored="0" total="4" passed="4" failed="0" skipped="0">
  <reporter-output>
  </reporter-output>
  <suite started-at="2023-08-03T17:17:07 IST" name="Default suite" finished-at="2023-08-03T17:17:38 IST" duration-ms="31101">
    <groups>
    </groups>
    <test started-at="2023-08-03T17:17:07 IST" name="Default test" finished-at="2023-08-03T17:17:38 IST" duration-ms="31101">
      <class name="mytestpackage.test.StandAlone">
        <test-method is-config="true" signature="launchBrowser()[pri:0, instance:mytestpackage.test.StandAlone@2794eab6]" started-at="2023-08-03T17:17:08 IST" name="launchBrowser" finished-at="2023-08-03T17:17:13 IST" duration-ms="5763" status="PASS">
          <reporter-output>
          </reporter-output>
        </test-method> <!-- launchBrowser -->
        <test-method signature="submitOrder(java.util.HashMap)[pri:0, instance:mytestpackage.test.StandAlone@2794eab6]" started-at="2023-08-03T17:17:13 IST" name="submitOrder" data-provider="getLoginData" finished-at="2023-08-03T17:17:18 IST" duration-ms="4426" status="PASS">
          <params>
            <param index="0">
              <value>
                <![CDATA[{country=india, productname=IPHONE 13 PRO, password=Salman@123, email=salmankhan123@gmail.com}]]>
              </value>
            </param>
          </params>
          <reporter-output>
          </reporter-output>
        </test-method> <!-- submitOrder -->
        <test-method is-config="true" signature="closeBrowser()[pri:0, instance:mytestpackage.test.StandAlone@2794eab6]" started-at="2023-08-03T17:17:18 IST" name="closeBrowser" finished-at="2023-08-03T17:17:18 IST" duration-ms="72" status="PASS">
          <reporter-output>
          </reporter-output>
        </test-method> <!-- closeBrowser -->
        <test-method is-config="true" signature="launchBrowser()[pri:0, instance:mytestpackage.test.StandAlone@2794eab6]" started-at="2023-08-03T17:17:18 IST" name="launchBrowser" finished-at="2023-08-03T17:17:22 IST" duration-ms="4061" status="PASS">
          <reporter-output>
          </reporter-output>
        </test-method> <!-- launchBrowser -->
        <test-method signature="submitOrder(java.util.HashMap)[pri:0, instance:mytestpackage.test.StandAlone@2794eab6]" started-at="2023-08-03T17:17:22 IST" name="submitOrder" data-provider="getLoginData" finished-at="2023-08-03T17:17:26 IST" duration-ms="4416" status="PASS">
          <params>
            <param index="0">
              <value>
                <![CDATA[{country=nepal, productname=ADIDAS ORIGINAL, password=Bahubali@123, email=bahubali123@gmail.com}]]>
              </value>
            </param>
          </params>
          <reporter-output>
          </reporter-output>
        </test-method> <!-- submitOrder -->
        <test-method is-config="true" signature="closeBrowser()[pri:0, instance:mytestpackage.test.StandAlone@2794eab6]" started-at="2023-08-03T17:17:26 IST" name="closeBrowser" finished-at="2023-08-03T17:17:26 IST" duration-ms="35" status="PASS">
          <reporter-output>
          </reporter-output>
        </test-method> <!-- closeBrowser -->
        <test-method is-config="true" signature="launchBrowser()[pri:0, instance:mytestpackage.test.StandAlone@2794eab6]" started-at="2023-08-03T17:17:26 IST" name="launchBrowser" finished-at="2023-08-03T17:17:34 IST" duration-ms="7717" status="PASS">
          <reporter-output>
          </reporter-output>
        </test-method> <!-- launchBrowser -->
        <test-method signature="verifyProduct(java.util.HashMap)[pri:0, instance:mytestpackage.test.StandAlone@2794eab6]" started-at="2023-08-03T17:17:34 IST" name="verifyProduct" data-provider="getLoginData" finished-at="2023-08-03T17:17:35 IST" depends-on-methods="mytestpackage.test.StandAlone.submitOrder" duration-ms="534" status="PASS">
          <params>
            <param index="0">
              <value>
                <![CDATA[{country=india, productname=IPHONE 13 PRO, password=Salman@123, email=salmankhan123@gmail.com}]]>
              </value>
            </param>
          </params>
          <reporter-output>
          </reporter-output>
        </test-method> <!-- verifyProduct -->
        <test-method is-config="true" signature="closeBrowser()[pri:0, instance:mytestpackage.test.StandAlone@2794eab6]" started-at="2023-08-03T17:17:35 IST" name="closeBrowser" finished-at="2023-08-03T17:17:35 IST" duration-ms="36" status="PASS">
          <reporter-output>
          </reporter-output>
        </test-method> <!-- closeBrowser -->
        <test-method is-config="true" signature="launchBrowser()[pri:0, instance:mytestpackage.test.StandAlone@2794eab6]" started-at="2023-08-03T17:17:35 IST" name="launchBrowser" finished-at="2023-08-03T17:17:38 IST" duration-ms="3226" status="PASS">
          <reporter-output>
          </reporter-output>
        </test-method> <!-- launchBrowser -->
        <test-method signature="verifyProduct(java.util.HashMap)[pri:0, instance:mytestpackage.test.StandAlone@2794eab6]" started-at="2023-08-03T17:17:38 IST" name="verifyProduct" data-provider="getLoginData" finished-at="2023-08-03T17:17:38 IST" depends-on-methods="mytestpackage.test.StandAlone.submitOrder" duration-ms="546" status="PASS">
          <params>
            <param index="0">
              <value>
                <![CDATA[{country=nepal, productname=ADIDAS ORIGINAL, password=Bahubali@123, email=bahubali123@gmail.com}]]>
              </value>
            </param>
          </params>
          <reporter-output>
          </reporter-output>
        </test-method> <!-- verifyProduct -->
        <test-method is-config="true" signature="closeBrowser()[pri:0, instance:mytestpackage.test.StandAlone@2794eab6]" started-at="2023-08-03T17:17:38 IST" name="closeBrowser" finished-at="2023-08-03T17:17:38 IST" duration-ms="68" status="PASS">
          <reporter-output>
          </reporter-output>
        </test-method> <!-- closeBrowser -->
      </class> <!-- mytestpackage.test.StandAlone -->
    </test> <!-- Default test -->
  </suite> <!-- Default suite -->
</testng-results>
