<?xml version="1.0" encoding="UTF-8"?>
<testng-results ignored="0" total="2" passed="2" failed="0" skipped="0">
  <reporter-output>
  </reporter-output>
  <suite started-at="2023-07-31T12:08:38 IST" name="Default suite" finished-at="2023-07-31T12:08:47 IST" duration-ms="8875">
    <groups>
    </groups>
    <test started-at="2023-07-31T12:08:38 IST" name="Default test" finished-at="2023-07-31T12:08:47 IST" duration-ms="8875">
      <class name="mytestpackage.test.StandAlone">
        <test-method is-config="true" signature="launchBrowser()[pri:0, instance:mytestpackage.test.StandAlone@2d52216b]" started-at="2023-07-31T12:08:38 IST" name="launchBrowser" finished-at="2023-07-31T12:08:41 IST" duration-ms="2723" status="PASS">
          <reporter-output>
          </reporter-output>
        </test-method> <!-- launchBrowser -->
        <test-method signature="submitOrder()[pri:0, instance:mytestpackage.test.StandAlone@2d52216b]" started-at="2023-07-31T12:08:41 IST" name="submitOrder" finished-at="2023-07-31T12:08:45 IST" duration-ms="4284" status="PASS">
          <reporter-output>
          </reporter-output>
        </test-method> <!-- submitOrder -->
        <test-method is-config="true" signature="closeBrowser()[pri:0, instance:mytestpackage.test.StandAlone@2d52216b]" started-at="2023-07-31T12:08:45 IST" name="closeBrowser" finished-at="2023-07-31T12:08:45 IST" duration-ms="48" status="PASS">
          <reporter-output>
          </reporter-output>
        </test-method> <!-- closeBrowser -->
        <test-method is-config="true" signature="launchBrowser()[pri:0, instance:mytestpackage.test.StandAlone@2d52216b]" started-at="2023-07-31T12:08:45 IST" name="launchBrowser" finished-at="2023-07-31T12:08:46 IST" duration-ms="1113" status="PASS">
          <reporter-output>
          </reporter-output>
        </test-method> <!-- launchBrowser -->
        <test-method signature="verifyProduct()[pri:0, instance:mytestpackage.test.StandAlone@2d52216b]" started-at="2023-07-31T12:08:46 IST" name="verifyProduct" finished-at="2023-07-31T12:08:47 IST" depends-on-methods="mytestpackage.test.StandAlone.submitOrder" duration-ms="602" status="PASS">
          <reporter-output>
          </reporter-output>
        </test-method> <!-- verifyProduct -->
        <test-method is-config="true" signature="closeBrowser()[pri:0, instance:mytestpackage.test.StandAlone@2d52216b]" started-at="2023-07-31T12:08:47 IST" name="closeBrowser" finished-at="2023-07-31T12:08:47 IST" duration-ms="74" status="PASS">
          <reporter-output>
          </reporter-output>
        </test-method> <!-- closeBrowser -->
      </class> <!-- mytestpackage.test.StandAlone -->
    </test> <!-- Default test -->
  </suite> <!-- Default suite -->
</testng-results>
