<?xml version="1.0" encoding="UTF-8"?>
<testng-results ignored="0" total="4" passed="4" failed="0" skipped="0">
  <reporter-output>
  </reporter-output>
  <suite started-at="2023-08-03T10:01:40 IST" name="Default suite" finished-at="2023-08-03T10:02:08 IST" duration-ms="28384">
    <groups>
    </groups>
    <test started-at="2023-08-03T10:01:40 IST" name="Default test" finished-at="2023-08-03T10:02:08 IST" duration-ms="28384">
      <class name="mytestpackage.test.StandAlone">
        <test-method is-config="true" signature="launchBrowser()[pri:0, instance:mytestpackage.test.StandAlone@2794eab6]" started-at="2023-08-03T10:01:40 IST" name="launchBrowser" finished-at="2023-08-03T10:01:47 IST" duration-ms="7118" status="PASS">
          <reporter-output>
          </reporter-output>
        </test-method> <!-- launchBrowser -->
        <test-method signature="submitOrder(java.util.HashMap)[pri:0, instance:mytestpackage.test.StandAlone@2794eab6]" started-at="2023-08-03T10:01:47 IST" name="submitOrder" data-provider="getLoginData" finished-at="2023-08-03T10:01:51 IST" duration-ms="4427" status="PASS">
          <params>
            <param index="0">
              <value>
                <![CDATA[{country=india, productname=IPHONE 13 PRO, password=Salman@123, email=salmankhan123@gmail.com}]]>
              </value>
            </param>
          </params>
          <reporter-output>
          </reporter-output>
        </test-method> <!-- submitOrder -->
        <test-method is-config="true" signature="closeBrowser()[pri:0, instance:mytestpackage.test.StandAlone@2794eab6]" started-at="2023-08-03T10:01:51 IST" name="closeBrowser" finished-at="2023-08-03T10:01:51 IST" duration-ms="37" status="PASS">
          <reporter-output>
          </reporter-output>
        </test-method> <!-- closeBrowser -->
        <test-method is-config="true" signature="launchBrowser()[pri:0, instance:mytestpackage.test.StandAlone@2794eab6]" started-at="2023-08-03T10:01:51 IST" name="launchBrowser" finished-at="2023-08-03T10:01:54 IST" duration-ms="2746" status="PASS">
          <reporter-output>
          </reporter-output>
        </test-method> <!-- launchBrowser -->
        <test-method signature="submitOrder(java.util.HashMap)[pri:0, instance:mytestpackage.test.StandAlone@2794eab6]" started-at="2023-08-03T10:01:54 IST" name="submitOrder" data-provider="getLoginData" finished-at="2023-08-03T10:01:59 IST" duration-ms="4407" status="PASS">
          <params>
            <param index="0">
              <value>
                <![CDATA[{country=nepal, productname=ADIDAS ORIGINAL, password=Bahubali@123, email=bahubali123@gmail.com}]]>
              </value>
            </param>
          </params>
          <reporter-output>
          </reporter-output>
        </test-method> <!-- submitOrder -->
        <test-method is-config="true" signature="closeBrowser()[pri:0, instance:mytestpackage.test.StandAlone@2794eab6]" started-at="2023-08-03T10:01:59 IST" name="closeBrowser" finished-at="2023-08-03T10:01:59 IST" duration-ms="35" status="PASS">
          <reporter-output>
          </reporter-output>
        </test-method> <!-- closeBrowser -->
        <test-method is-config="true" signature="launchBrowser()[pri:0, instance:mytestpackage.test.StandAlone@2794eab6]" started-at="2023-08-03T10:01:59 IST" name="launchBrowser" finished-at="2023-08-03T10:02:03 IST" duration-ms="4150" status="PASS">
          <reporter-output>
          </reporter-output>
        </test-method> <!-- launchBrowser -->
        <test-method signature="verifyProduct(java.util.HashMap)[pri:0, instance:mytestpackage.test.StandAlone@2794eab6]" started-at="2023-08-03T10:02:03 IST" name="verifyProduct" data-provider="getLoginData" finished-at="2023-08-03T10:02:03 IST" depends-on-methods="mytestpackage.test.StandAlone.submitOrder" duration-ms="499" status="PASS">
          <params>
            <param index="0">
              <value>
                <![CDATA[{country=india, productname=IPHONE 13 PRO, password=Salman@123, email=salmankhan123@gmail.com}]]>
              </value>
            </param>
          </params>
          <reporter-output>
          </reporter-output>
        </test-method> <!-- verifyProduct -->
        <test-method is-config="true" signature="closeBrowser()[pri:0, instance:mytestpackage.test.StandAlone@2794eab6]" started-at="2023-08-03T10:02:03 IST" name="closeBrowser" finished-at="2023-08-03T10:02:03 IST" duration-ms="67" status="PASS">
          <reporter-output>
          </reporter-output>
        </test-method> <!-- closeBrowser -->
        <test-method is-config="true" signature="launchBrowser()[pri:0, instance:mytestpackage.test.StandAlone@2794eab6]" started-at="2023-08-03T10:02:03 IST" name="launchBrowser" finished-at="2023-08-03T10:02:07 IST" duration-ms="4111" status="PASS">
          <reporter-output>
          </reporter-output>
        </test-method> <!-- launchBrowser -->
        <test-method signature="verifyProduct(java.util.HashMap)[pri:0, instance:mytestpackage.test.StandAlone@2794eab6]" started-at="2023-08-03T10:02:07 IST" name="verifyProduct" data-provider="getLoginData" finished-at="2023-08-03T10:02:08 IST" depends-on-methods="mytestpackage.test.StandAlone.submitOrder" duration-ms="484" status="PASS">
          <params>
            <param index="0">
              <value>
                <![CDATA[{country=nepal, productname=ADIDAS ORIGINAL, password=Bahubali@123, email=bahubali123@gmail.com}]]>
              </value>
            </param>
          </params>
          <reporter-output>
          </reporter-output>
        </test-method> <!-- verifyProduct -->
        <test-method is-config="true" signature="closeBrowser()[pri:0, instance:mytestpackage.test.StandAlone@2794eab6]" started-at="2023-08-03T10:02:08 IST" name="closeBrowser" finished-at="2023-08-03T10:02:08 IST" duration-ms="73" status="PASS">
          <reporter-output>
          </reporter-output>
        </test-method> <!-- closeBrowser -->
      </class> <!-- mytestpackage.test.StandAlone -->
    </test> <!-- Default test -->
  </suite> <!-- Default suite -->
</testng-results>
