<?xml version="1.0" encoding="UTF-8"?>
<testng-results ignored="0" total="4" passed="4" failed="0" skipped="0">
  <reporter-output>
  </reporter-output>
  <suite started-at="2023-08-02T11:27:19 IST" name="Default suite" finished-at="2023-08-02T11:27:43 IST" duration-ms="23723">
    <groups>
    </groups>
    <test started-at="2023-08-02T11:27:19 IST" name="Default test" finished-at="2023-08-02T11:27:43 IST" duration-ms="23723">
      <class name="mytestpackage.test.StandAlone">
        <test-method is-config="true" signature="launchBrowser()[pri:0, instance:mytestpackage.test.StandAlone@4686afc2]" started-at="2023-08-02T11:27:19 IST" name="launchBrowser" finished-at="2023-08-02T11:27:24 IST" duration-ms="4737" status="PASS">
          <reporter-output>
          </reporter-output>
        </test-method> <!-- launchBrowser -->
        <test-method signature="submitOrder(java.util.HashMap)[pri:0, instance:mytestpackage.test.StandAlone@4686afc2]" started-at="2023-08-02T11:27:24 IST" name="submitOrder" data-provider="getLoginData" finished-at="2023-08-02T11:27:28 IST" duration-ms="4337" status="PASS">
          <params>
            <param index="0">
              <value>
                <![CDATA[{country=india, productname=IPHONE 13 PRO, password=Salman@123, email=salmankhan123@gmail.com}]]>
              </value>
            </param>
          </params>
          <reporter-output>
          </reporter-output>
        </test-method> <!-- submitOrder -->
        <test-method is-config="true" signature="closeBrowser()[pri:0, instance:mytestpackage.test.StandAlone@4686afc2]" started-at="2023-08-02T11:27:28 IST" name="closeBrowser" finished-at="2023-08-02T11:27:28 IST" duration-ms="37" status="PASS">
          <reporter-output>
          </reporter-output>
        </test-method> <!-- closeBrowser -->
        <test-method is-config="true" signature="launchBrowser()[pri:0, instance:mytestpackage.test.StandAlone@4686afc2]" started-at="2023-08-02T11:27:28 IST" name="launchBrowser" finished-at="2023-08-02T11:27:31 IST" duration-ms="2429" status="PASS">
          <reporter-output>
          </reporter-output>
        </test-method> <!-- launchBrowser -->
        <test-method signature="submitOrder(java.util.HashMap)[pri:0, instance:mytestpackage.test.StandAlone@4686afc2]" started-at="2023-08-02T11:27:31 IST" name="submitOrder" data-provider="getLoginData" finished-at="2023-08-02T11:27:35 IST" duration-ms="4326" status="PASS">
          <params>
            <param index="0">
              <value>
                <![CDATA[{country=nepal, productname=ADIDAS ORIGINAL, password=Bahubali@123, email=bahubali123@gmail.com}]]>
              </value>
            </param>
          </params>
          <reporter-output>
          </reporter-output>
        </test-method> <!-- submitOrder -->
        <test-method is-config="true" signature="closeBrowser()[pri:0, instance:mytestpackage.test.StandAlone@4686afc2]" started-at="2023-08-02T11:27:35 IST" name="closeBrowser" finished-at="2023-08-02T11:27:35 IST" duration-ms="69" status="PASS">
          <reporter-output>
          </reporter-output>
        </test-method> <!-- closeBrowser -->
        <test-method is-config="true" signature="launchBrowser()[pri:0, instance:mytestpackage.test.StandAlone@4686afc2]" started-at="2023-08-02T11:27:35 IST" name="launchBrowser" finished-at="2023-08-02T11:27:39 IST" duration-ms="3947" status="PASS">
          <reporter-output>
          </reporter-output>
        </test-method> <!-- launchBrowser -->
        <test-method signature="verifyProduct(java.util.HashMap)[pri:0, instance:mytestpackage.test.StandAlone@4686afc2]" started-at="2023-08-02T11:27:39 IST" name="verifyProduct" data-provider="getLoginData" finished-at="2023-08-02T11:27:40 IST" depends-on-methods="mytestpackage.test.StandAlone.submitOrder" duration-ms="500" status="PASS">
          <params>
            <param index="0">
              <value>
                <![CDATA[{country=india, productname=IPHONE 13 PRO, password=Salman@123, email=salmankhan123@gmail.com}]]>
              </value>
            </param>
          </params>
          <reporter-output>
          </reporter-output>
        </test-method> <!-- verifyProduct -->
        <test-method is-config="true" signature="closeBrowser()[pri:0, instance:mytestpackage.test.StandAlone@4686afc2]" started-at="2023-08-02T11:27:40 IST" name="closeBrowser" finished-at="2023-08-02T11:27:40 IST" duration-ms="92" status="PASS">
          <reporter-output>
          </reporter-output>
        </test-method> <!-- closeBrowser -->
        <test-method is-config="true" signature="launchBrowser()[pri:0, instance:mytestpackage.test.StandAlone@4686afc2]" started-at="2023-08-02T11:27:40 IST" name="launchBrowser" finished-at="2023-08-02T11:27:42 IST" duration-ms="2490" status="PASS">
          <reporter-output>
          </reporter-output>
        </test-method> <!-- launchBrowser -->
        <test-method signature="verifyProduct(java.util.HashMap)[pri:0, instance:mytestpackage.test.StandAlone@4686afc2]" started-at="2023-08-02T11:27:42 IST" name="verifyProduct" data-provider="getLoginData" finished-at="2023-08-02T11:27:43 IST" depends-on-methods="mytestpackage.test.StandAlone.submitOrder" duration-ms="499" status="PASS">
          <params>
            <param index="0">
              <value>
                <![CDATA[{country=nepal, productname=ADIDAS ORIGINAL, password=Bahubali@123, email=bahubali123@gmail.com}]]>
              </value>
            </param>
          </params>
          <reporter-output>
          </reporter-output>
        </test-method> <!-- verifyProduct -->
        <test-method is-config="true" signature="closeBrowser()[pri:0, instance:mytestpackage.test.StandAlone@4686afc2]" started-at="2023-08-02T11:27:43 IST" name="closeBrowser" finished-at="2023-08-02T11:27:43 IST" duration-ms="76" status="PASS">
          <reporter-output>
          </reporter-output>
        </test-method> <!-- closeBrowser -->
      </class> <!-- mytestpackage.test.StandAlone -->
    </test> <!-- Default test -->
  </suite> <!-- Default suite -->
</testng-results>
